<?xml version="1.0" encoding="UTF-8"?>
<testsuite xmlns:xsi="http://www.w3.org/2001/XMLSchema-instance" xsi:noNamespaceSchemaLocation="https://maven.apache.org/surefire/maven-surefire-plugin/xsd/surefire-test-report-3.0.xsd" version="3.0" name="com.example.stock.management.StockmanagementEventstoreApplicationTests" time="2.941" tests="1" errors="0" skipped="0" failures="0">
  <properties>
[...]
</properties>
  <testcase name="contextLoads" classname="com.example.stock.management.StockmanagementEventstoreApplicationTests" time="0.474">
    <system-out><![CDATA[07:18:42.837 [main] INFO org.springframework.test.context.support.AnnotationConfigContextLoaderUtils -- Could not detect default configuration classes for test class [com.example.stock.management.StockmanagementEventstoreApplicationTests]: StockmanagementEventstoreApplicationTests does not declare any static, non-private, non-final, nested classes annotated with @Configuration.
07:18:42.901 [main] INFO org.springframework.boot.test.context.SpringBootTestContextBootstrapper -- Found @SpringBootConfiguration com.example.stock.management.StockmanagementEventstoreApplication for test class com.example.stock.management.StockmanagementEventstoreApplicationTests

  .   ____          _            __ _ _
 /\\ / ___'_ __ _ _(_)_ __  __ _ \ \ \ \
( ( )\___ | '_ | '_| | '_ \/ _` | \ \ \ \
 \\/  ___)| |_)| | | | | || (_| |  ) ) ) )
  '  |____| .__|_| |_|_| |_\__, | / / / /
 =========|_|==============|___/=/_/_/_/
 :: Spring Boot ::                (v3.1.4)

2023-11-01T07:18:43.180-05:00  INFO 25861 --- [           main] tockmanagementEventstoreApplicationTests : Starting StockmanagementEventstoreApplicationTests using Java 17.0.8.1 with PID 25861 (started by gorcon in /home/gorcon/Connoye/SpringBoot)
2023-11-01T07:18:43.181-05:00  INFO 25861 --- [           main] tockmanagementEventstoreApplicationTests : No active profile set, falling back to 1 default profile: "default"
2023-11-01T07:18:43.699-05:00  INFO 25861 --- [           main] .s.d.r.c.RepositoryConfigurationDelegate : Bootstrapping Spring Data JPA repositories in DEFAULT mode.
2023-11-01T07:18:43.712-05:00  INFO 25861 --- [           main] .s.d.r.c.RepositoryConfigurationDelegate : Finished Spring Data repository scanning in 7 ms. Found 0 JPA repository interfaces.
2023-11-01T07:18:43.990-05:00  INFO 25861 --- [           main] o.hibernate.jpa.internal.util.LogHelper  : HHH000204: Processing PersistenceUnitInfo [name: default]
2023-11-01T07:18:44.047-05:00  INFO 25861 --- [           main] org.hibernate.Version                    : HHH000412: Hibernate ORM core version 6.3.1.Final
2023-11-01T07:18:44.074-05:00  INFO 25861 --- [           main] o.h.c.internal.RegionFactoryInitiator    : HHH000026: Second-level cache disabled
2023-11-01T07:18:44.243-05:00  INFO 25861 --- [           main] o.s.o.j.p.SpringPersistenceUnitInfo      : No LoadTimeWeaver setup: ignoring JPA class transformer
2023-11-01T07:18:44.260-05:00  INFO 25861 --- [           main] com.zaxxer.hikari.HikariDataSource       : HikariPool-1 - Starting...
2023-11-01T07:18:44.382-05:00  INFO 25861 --- [           main] com.zaxxer.hikari.pool.HikariPool        : HikariPool-1 - Added connection conn0: url=jdbc:h2:mem:testdb user=SA
2023-11-01T07:18:44.383-05:00  INFO 25861 --- [           main] com.zaxxer.hikari.HikariDataSource       : HikariPool-1 - Start completed.
2023-11-01T07:18:44.404-05:00  WARN 25861 --- [           main] org.hibernate.orm.deprecation            : HHH90000025: H2Dialect does not need to be specified explicitly using 'hibernate.dialect' (remove the property setting and it will be selected by default)
2023-11-01T07:18:44.584-05:00  INFO 25861 --- [           main] o.h.e.t.j.p.i.JtaPlatformInitiator       : HHH000489: No JTA platform available (set 'hibernate.transaction.jta.platform' to enable JTA platform integration)
2023-11-01T07:18:44.587-05:00  INFO 25861 --- [           main] j.LocalContainerEntityManagerFactoryBean : Initialized JPA EntityManagerFactory for persistence unit 'default'
2023-11-01T07:18:45.139-05:00  INFO 25861 --- [           main] o.s.b.a.h2.H2ConsoleAutoConfiguration    : H2 console available at '/h2-ui'. Database available at 'jdbc:h2:mem:testdb'
2023-11-01T07:18:45.179-05:00  INFO 25861 --- [           main] tockmanagementEventstoreApplicationTests : Started StockmanagementEventstoreApplicationTests in 2.176 seconds (process running for 2.832)
]]></system-out>
  </testcase>
</testsuite>